0 silly argv { _: [ 'bootstrap' ],
0 silly argv   hoist: true,
0 silly argv   lernaVersion: '3.13.0',
0 silly argv   '$0': 'lerna' }
1 notice cli v3.13.0
2 verbose rootPath /Users/benbrown/code/botkit
3 info versioning independent
4 verbose hoist using globs ["**"]
5 silly batched [ PackageGraphNode {
5 silly batched     name: 'botbuilder-adapter-facebook',
5 silly batched     externalDependencies:
5 silly batched      Map {
5 silly batched        'eslint' => [Object],
5 silly batched        'eslint-config-standard' => [Object],
5 silly batched        'eslint-plugin-import' => [Object],
5 silly batched        'eslint-plugin-node' => [Object],
5 silly batched        'eslint-plugin-promise' => [Object],
5 silly batched        'eslint-plugin-standard' => [Object],
5 silly batched        'botbuilder' => [Object],
5 silly batched        'botbuilder-dialogs' => [Object],
5 silly batched        'botframework-config' => [Object],
5 silly batched        'botkit' => [Object],
5 silly batched        'debug' => [Object],
5 silly batched        'dotenv' => [Object],
5 silly batched        'restify' => [Object] },
5 silly batched     localDependencies: Map {},
5 silly batched     localDependents: Map { 'testbot' => [PackageGraphNode] } },
5 silly batched   PackageGraphNode {
5 silly batched     name: 'botbuilder-adapter-hangouts',
5 silly batched     externalDependencies:
5 silly batched      Map {
5 silly batched        'eslint' => [Object],
5 silly batched        'eslint-config-standard' => [Object],
5 silly batched        'eslint-plugin-import' => [Object],
5 silly batched        'eslint-plugin-node' => [Object],
5 silly batched        'eslint-plugin-promise' => [Object],
5 silly batched        'eslint-plugin-standard' => [Object],
5 silly batched        'botbuilder' => [Object],
5 silly batched        'botbuilder-dialogs' => [Object],
5 silly batched        'botframework-config' => [Object],
5 silly batched        'googleapis' => [Object],
5 silly batched        'botkit' => [Object],
5 silly batched        'debug' => [Object] },
5 silly batched     localDependencies: Map {},
5 silly batched     localDependents: Map { 'testbot' => [PackageGraphNode] } },
5 silly batched   PackageGraphNode {
5 silly batched     name: 'botbuilder-adapter-slack',
5 silly batched     externalDependencies:
5 silly batched      Map {
5 silly batched        'eslint' => [Object],
5 silly batched        'eslint-config-standard' => [Object],
5 silly batched        'eslint-plugin-import' => [Object],
5 silly batched        'eslint-plugin-node' => [Object],
5 silly batched        'eslint-plugin-promise' => [Object],
5 silly batched        'eslint-plugin-standard' => [Object],
5 silly batched        '@slack/client' => [Object],
5 silly batched        'botbuilder' => [Object],
5 silly batched        'botbuilder-dialogs' => [Object],
5 silly batched        'botframework-config' => [Object],
5 silly batched        'botkit' => [Object],
5 silly batched        'debug' => [Object],
5 silly batched        'dotenv' => [Object],
5 silly batched        'restify' => [Object] },
5 silly batched     localDependencies: Map {},
5 silly batched     localDependents: Map { 'testbot' => [PackageGraphNode] } },
5 silly batched   PackageGraphNode {
5 silly batched     name: 'botbuilder-adapter-twilio-sms',
5 silly batched     externalDependencies:
5 silly batched      Map {
5 silly batched        'eslint' => [Object],
5 silly batched        'eslint-config-standard' => [Object],
5 silly batched        'eslint-plugin-import' => [Object],
5 silly batched        'eslint-plugin-node' => [Object],
5 silly batched        'eslint-plugin-promise' => [Object],
5 silly batched        'eslint-plugin-standard' => [Object],
5 silly batched        'botbuilder' => [Object],
5 silly batched        'botbuilder-dialogs' => [Object],
5 silly batched        'botframework-config' => [Object],
5 silly batched        'botkit' => [Object],
5 silly batched        'debug' => [Object],
5 silly batched        'twilio' => [Object] },
5 silly batched     localDependencies: Map {},
5 silly batched     localDependents: Map { 'testbot' => [PackageGraphNode] } },
5 silly batched   PackageGraphNode {
5 silly batched     name: 'botbuilder-adapter-webex',
5 silly batched     externalDependencies:
5 silly batched      Map {
5 silly batched        'eslint' => [Object],
5 silly batched        'eslint-config-standard' => [Object],
5 silly batched        'eslint-plugin-import' => [Object],
5 silly batched        'eslint-plugin-node' => [Object],
5 silly batched        'eslint-plugin-promise' => [Object],
5 silly batched        'eslint-plugin-standard' => [Object],
5 silly batched        'botkit' => [Object],
5 silly batched        'botbuilder' => [Object],
5 silly batched        'botbuilder-dialogs' => [Object],
5 silly batched        'botframework-config' => [Object],
5 silly batched        'ciscospark' => [Object],
5 silly batched        'debug' => [Object],
5 silly batched        'dotenv' => [Object],
5 silly batched        'restify' => [Object],
5 silly batched        'url' => [Object] },
5 silly batched     localDependencies: Map {},
5 silly batched     localDependents: Map { 'testbot' => [PackageGraphNode] } },
5 silly batched   PackageGraphNode {
5 silly batched     name: 'botbuilder-adapter-websocket',
5 silly batched     externalDependencies:
5 silly batched      Map {
5 silly batched        'eslint' => [Object],
5 silly batched        'eslint-config-standard' => [Object],
5 silly batched        'eslint-plugin-import' => [Object],
5 silly batched        'eslint-plugin-node' => [Object],
5 silly batched        'eslint-plugin-promise' => [Object],
5 silly batched        'eslint-plugin-standard' => [Object],
5 silly batched        'botkit' => [Object],
5 silly batched        'botbuilder' => [Object],
5 silly batched        'debug' => [Object],
5 silly batched        'dotenv' => [Object],
5 silly batched        'url' => [Object],
5 silly batched        'ws' => [Object] },
5 silly batched     localDependencies: Map {},
5 silly batched     localDependents: Map { 'testbot' => [PackageGraphNode] } },
5 silly batched   PackageGraphNode {
5 silly batched     name: 'botbuilder-dialogs-botkit-cms',
5 silly batched     externalDependencies:
5 silly batched      Map {
5 silly batched        'botbuilder' => [Object],
5 silly batched        'botbuilder-dialogs' => [Object],
5 silly batched        'botkit-studio-sdk' => [Object],
5 silly batched        'mustache' => [Object] },
5 silly batched     localDependencies: Map {},
5 silly batched     localDependents:
5 silly batched      Map {
5 silly batched        'botkit' => [PackageGraphNode],
5 silly batched        'testbot' => [PackageGraphNode] } },
5 silly batched   PackageGraphNode {
5 silly batched     name: 'botkit-docs',
5 silly batched     externalDependencies:
5 silly batched      Map {
5 silly batched        'typedoc' => [Object],
5 silly batched        'typedoc-plugin-external-module-name' => [Object] },
5 silly batched     localDependencies: Map {},
5 silly batched     localDependents: Map {} },
5 silly batched   PackageGraphNode {
5 silly batched     name: 'generator-botkit',
5 silly batched     externalDependencies: Map { 'yeoman-generator' => [Object] },
5 silly batched     localDependencies: Map {},
5 silly batched     localDependents: Map {} } ]
6 silly batched [ PackageGraphNode {
6 silly batched     name: 'botkit',
6 silly batched     externalDependencies:
6 silly batched      Map {
6 silly batched        '@types/express' => [Object],
6 silly batched        '@types/node' => [Object],
6 silly batched        'eslint' => [Object],
6 silly batched        'eslint-config-standard' => [Object],
6 silly batched        'eslint-plugin-import' => [Object],
6 silly batched        'eslint-plugin-node' => [Object],
6 silly batched        'eslint-plugin-promise' => [Object],
6 silly batched        'eslint-plugin-standard' => [Object],
6 silly batched        'body-parser' => [Object],
6 silly batched        'botbuilder' => [Object],
6 silly batched        'botbuilder-dialogs' => [Object],
6 silly batched        'debug' => [Object],
6 silly batched        'express' => [Object],
6 silly batched        'express-basic-auth' => [Object],
6 silly batched        'handlebars' => [Object],
6 silly batched        'hbs' => [Object],
6 silly batched        'path' => [Object],
6 silly batched        'ware' => [Object] },
6 silly batched     localDependencies: Map {},
6 silly batched     localDependents: Map {} },
6 silly batched   PackageGraphNode {
6 silly batched     name: 'testbot',
6 silly batched     externalDependencies:
6 silly batched      Map {
6 silly batched        'botbuilder-ai' => [Object],
6 silly batched        'botbuilder-dialogs' => [Object],
6 silly batched        'botbuilder-storage-mongodb' => [Object],
6 silly batched        'botkit' => [Object],
6 silly batched        'dotenv' => [Object],
6 silly batched        'express-basic-auth' => [Object] },
6 silly batched     localDependencies: Map {},
6 silly batched     localDependents: Map {} } ]
7 silly npmConfig { registry: undefined,
7 silly npmConfig   npmClient: 'npm',
7 silly npmConfig   npmClientArgs: [],
7 silly npmConfig   mutex: undefined }
8 info Bootstrapping 11 packages
9 verbose lifecycle preinstall
10 silly lifecycle No script for "preinstall" in "botbuilder-adapter-facebook", continuing
11 silly lifecycle No script for "preinstall" in "botbuilder-adapter-hangouts", continuing
12 silly lifecycle No script for "preinstall" in "botbuilder-adapter-slack", continuing
13 silly lifecycle No script for "preinstall" in "botbuilder-adapter-twilio-sms", continuing
14 silly lifecycle No script for "preinstall" in "botbuilder-adapter-webex", continuing
15 silly lifecycle No script for "preinstall" in "botbuilder-adapter-websocket", continuing
16 silly lifecycle No script for "preinstall" in "botbuilder-dialogs-botkit-cms", continuing
17 silly lifecycle No script for "preinstall" in "botkit-docs", continuing
18 silly lifecycle No script for "preinstall" in "generator-botkit", continuing
19 silly lifecycle No script for "preinstall" in "botkit", continuing
20 silly lifecycle No script for "preinstall" in "testbot", continuing
21 warn EHOIST_ROOT_VERSION The repository root depends on eslint@^5.15.1, which differs from the more common eslint@^5.5.0.
22 warn EHOIST_PKG_VERSION "botbuilder-adapter-facebook" package depends on eslint@^5.5.0, which differs from the hoisted eslint@^5.15.1.
23 warn EHOIST_PKG_VERSION "botbuilder-adapter-hangouts" package depends on eslint@^5.5.0, which differs from the hoisted eslint@^5.15.1.
24 warn EHOIST_PKG_VERSION "botbuilder-adapter-slack" package depends on eslint@^5.5.0, which differs from the hoisted eslint@^5.15.1.
25 warn EHOIST_PKG_VERSION "botbuilder-adapter-twilio-sms" package depends on eslint@^5.5.0, which differs from the hoisted eslint@^5.15.1.
26 warn EHOIST_PKG_VERSION "botbuilder-adapter-webex" package depends on eslint@^5.5.0, which differs from the hoisted eslint@^5.15.1.
27 warn EHOIST_PKG_VERSION "botbuilder-adapter-websocket" package depends on eslint@^5.5.0, which differs from the hoisted eslint@^5.15.1.
28 warn EHOIST_PKG_VERSION "botkit" package depends on eslint@^5.5.0, which differs from the hoisted eslint@^5.15.1.
29 warn EHOIST_PKG_VERSION "botbuilder-adapter-slack" package depends on botbuilder@^4.3.0, which differs from the hoisted botbuilder@^4.2.0.
30 warn EHOIST_PKG_VERSION "botbuilder-adapter-slack" package depends on botbuilder-dialogs@^4.3.0, which differs from the hoisted botbuilder-dialogs@^4.2.0.
31 warn EHOIST_PKG_VERSION "botbuilder-adapter-slack" package depends on botframework-config@^4.3.0, which differs from the hoisted botframework-config@^4.2.0.
32 warn EHOIST_PKG_VERSION "testbot" package depends on dotenv@^6.2.0, which differs from the hoisted dotenv@^6.0.0.
33 silly hasDependencyInstalled root eslint
34 silly hasDependencyInstalled root @typescript-eslint/eslint-plugin
35 silly hasDependencyInstalled root @typescript-eslint/parser
36 silly hasDependencyInstalled root lerna
37 silly hasDependencyInstalled root typescript
38 silly hasDependencyInstalled root eslint-config-standard
39 silly hasDependencyInstalled root eslint-plugin-import
40 silly hasDependencyInstalled root eslint-plugin-node
41 silly hasDependencyInstalled root eslint-plugin-promise
42 silly hasDependencyInstalled root eslint-plugin-standard
43 silly hasDependencyInstalled root botbuilder
44 silly hasDependencyInstalled root botbuilder-dialogs
45 silly hasDependencyInstalled root botframework-config
46 silly hasDependencyInstalled root botkit
47 silly hasDependencyInstalled root debug
48 silly hasDependencyInstalled root dotenv
49 silly hasDependencyInstalled root restify
50 silly hasDependencyInstalled root googleapis
51 silly hasDependencyInstalled root @slack/client
52 silly hasDependencyInstalled root twilio
53 silly hasDependencyInstalled root ciscospark
54 silly hasDependencyInstalled root url
55 silly hasDependencyInstalled root ws
56 silly hasDependencyInstalled root botkit-studio-sdk
57 silly hasDependencyInstalled root mustache
58 silly hasDependencyInstalled root @types/express
59 silly hasDependencyInstalled root @types/node
60 silly hasDependencyInstalled root body-parser
61 silly hasDependencyInstalled root express
62 silly hasDependencyInstalled root express-basic-auth
63 silly hasDependencyInstalled root handlebars
64 silly hasDependencyInstalled root hbs
65 silly hasDependencyInstalled root path
66 silly hasDependencyInstalled root ware
67 silly hasDependencyInstalled root typedoc
68 silly hasDependencyInstalled root typedoc-plugin-external-module-name
69 silly hasDependencyInstalled root yeoman-generator
70 silly hasDependencyInstalled root botbuilder-ai
71 silly hasDependencyInstalled root botbuilder-storage-mongodb
72 silly hasDependencyInstalled botbuilder-adapter-facebook eslint
73 silly hasDependencyInstalled botbuilder-adapter-hangouts eslint
74 silly hasDependencyInstalled botbuilder-adapter-slack eslint
75 silly hasDependencyInstalled botbuilder-adapter-twilio-sms eslint
76 silly hasDependencyInstalled botbuilder-adapter-webex eslint
77 silly hasDependencyInstalled botbuilder-adapter-websocket eslint
78 silly hasDependencyInstalled botkit eslint
79 silly hasDependencyInstalled botbuilder-adapter-slack botbuilder
80 silly hasDependencyInstalled botbuilder-adapter-slack botbuilder-dialogs
81 silly hasDependencyInstalled botbuilder-adapter-slack botframework-config
82 silly hasDependencyInstalled testbot dotenv
83 silly root dependencies {}
84 silly leaf dependencies {}
85 info Installing external dependencies
86 verbose actions 4 actions, concurrency 12
87 info hoist Installing hoisted dependencies into root
88 silly npmInstallDependencies root [ 'eslint@^5.15.1',
88 silly npmInstallDependencies   '@typescript-eslint/eslint-plugin@^1.4.2',
88 silly npmInstallDependencies   '@typescript-eslint/parser@^1.4.2',
88 silly npmInstallDependencies   'lerna@^3.13.0',
88 silly npmInstallDependencies   'typescript@^3.2.4',
88 silly npmInstallDependencies   'eslint-config-standard@^12.0.0',
88 silly npmInstallDependencies   'eslint-plugin-import@^2.14.0',
88 silly npmInstallDependencies   'eslint-plugin-node@^7.0.1',
88 silly npmInstallDependencies   'eslint-plugin-promise@^4.0.1',
88 silly npmInstallDependencies   'eslint-plugin-standard@^4.0.0',
88 silly npmInstallDependencies   'botbuilder@^4.2.0',
88 silly npmInstallDependencies   'botbuilder-dialogs@^4.2.0',
88 silly npmInstallDependencies   'botframework-config@^4.2.0',
88 silly npmInstallDependencies   'botkit@^4.0.0',
88 silly npmInstallDependencies   'debug@^4.1.0',
88 silly npmInstallDependencies   'dotenv@^6.0.0',
88 silly npmInstallDependencies   'restify@^7.2.1',
88 silly npmInstallDependencies   'googleapis@^34.0.0',
88 silly npmInstallDependencies   '@slack/client@^4.7.0',
88 silly npmInstallDependencies   'twilio@^3.29.2',
88 silly npmInstallDependencies   'ciscospark@^1.32.23',
88 silly npmInstallDependencies   'url@^0.11.0',
88 silly npmInstallDependencies   'ws@^6.1.3',
88 silly npmInstallDependencies   'botkit-studio-sdk@^1.0.9',
88 silly npmInstallDependencies   'mustache@^3.0.1',
88 silly npmInstallDependencies   '@types/express@^4.16.0',
88 silly npmInstallDependencies   '@types/node@^10.12.18',
88 silly npmInstallDependencies   'body-parser@^1.18.3',
88 silly npmInstallDependencies   'express@^4.16.4',
88 silly npmInstallDependencies   'express-basic-auth@^1.1.6',
88 silly npmInstallDependencies   'handlebars@^4.1.1',
88 silly npmInstallDependencies   'hbs@^4.0.1',
88 silly npmInstallDependencies   'path@^0.12.7',
88 silly npmInstallDependencies   'ware@^1.3.0',
88 silly npmInstallDependencies   'typedoc@^0.14.2',
88 silly npmInstallDependencies   'typedoc-plugin-external-module-name@^2.0.0',
88 silly npmInstallDependencies   'yeoman-generator@^3.2.0',
88 silly npmInstallDependencies   'botbuilder-ai@^4.3.2',
88 silly npmInstallDependencies   'botbuilder-storage-mongodb@^0.9.5' ]
89 silly npmInstallDependencies backup /Users/benbrown/code/botkit/package.json
90 info hoist Pruning hoisted dependencies
91 silly prune [ '/Users/benbrown/code/botkit/packages/botbuilder-adapter-facebook/node_modules/eslint-config-standard',
91 silly prune   '/Users/benbrown/code/botkit/packages/botbuilder-adapter-hangouts/node_modules/eslint-config-standard',
91 silly prune   '/Users/benbrown/code/botkit/packages/botbuilder-adapter-slack/node_modules/eslint-config-standard',
91 silly prune   '/Users/benbrown/code/botkit/packages/botbuilder-adapter-twilio-sms/node_modules/eslint-config-standard',
91 silly prune   '/Users/benbrown/code/botkit/packages/botbuilder-adapter-webex/node_modules/eslint-config-standard',
91 silly prune   '/Users/benbrown/code/botkit/packages/botbuilder-adapter-websocket/node_modules/eslint-config-standard',
91 silly prune   '/Users/benbrown/code/botkit/packages/botkit/node_modules/eslint-config-standard',
91 silly prune   '/Users/benbrown/code/botkit/packages/botbuilder-adapter-facebook/node_modules/eslint-plugin-import',
91 silly prune   '/Users/benbrown/code/botkit/packages/botbuilder-adapter-hangouts/node_modules/eslint-plugin-import',
91 silly prune   '/Users/benbrown/code/botkit/packages/botbuilder-adapter-slack/node_modules/eslint-plugin-import',
91 silly prune   '/Users/benbrown/code/botkit/packages/botbuilder-adapter-twilio-sms/node_modules/eslint-plugin-import',
91 silly prune   '/Users/benbrown/code/botkit/packages/botbuilder-adapter-webex/node_modules/eslint-plugin-import',
91 silly prune   '/Users/benbrown/code/botkit/packages/botbuilder-adapter-websocket/node_modules/eslint-plugin-import',
91 silly prune   '/Users/benbrown/code/botkit/packages/botkit/node_modules/eslint-plugin-import',
91 silly prune   '/Users/benbrown/code/botkit/packages/botbuilder-adapter-facebook/node_modules/eslint-plugin-node',
91 silly prune   '/Users/benbrown/code/botkit/packages/botbuilder-adapter-hangouts/node_modules/eslint-plugin-node',
91 silly prune   '/Users/benbrown/code/botkit/packages/botbuilder-adapter-slack/node_modules/eslint-plugin-node',
91 silly prune   '/Users/benbrown/code/botkit/packages/botbuilder-adapter-twilio-sms/node_modules/eslint-plugin-node',
91 silly prune   '/Users/benbrown/code/botkit/packages/botbuilder-adapter-webex/node_modules/eslint-plugin-node',
91 silly prune   '/Users/benbrown/code/botkit/packages/botbuilder-adapter-websocket/node_modules/eslint-plugin-node',
91 silly prune   '/Users/benbrown/code/botkit/packages/botkit/node_modules/eslint-plugin-node',
91 silly prune   '/Users/benbrown/code/botkit/packages/botbuilder-adapter-facebook/node_modules/eslint-plugin-promise',
91 silly prune   '/Users/benbrown/code/botkit/packages/botbuilder-adapter-hangouts/node_modules/eslint-plugin-promise',
91 silly prune   '/Users/benbrown/code/botkit/packages/botbuilder-adapter-slack/node_modules/eslint-plugin-promise',
91 silly prune   '/Users/benbrown/code/botkit/packages/botbuilder-adapter-twilio-sms/node_modules/eslint-plugin-promise',
91 silly prune   '/Users/benbrown/code/botkit/packages/botbuilder-adapter-webex/node_modules/eslint-plugin-promise',
91 silly prune   '/Users/benbrown/code/botkit/packages/botbuilder-adapter-websocket/node_modules/eslint-plugin-promise',
91 silly prune   '/Users/benbrown/code/botkit/packages/botkit/node_modules/eslint-plugin-promise',
91 silly prune   '/Users/benbrown/code/botkit/packages/botbuilder-adapter-facebook/node_modules/eslint-plugin-standard',
91 silly prune   '/Users/benbrown/code/botkit/packages/botbuilder-adapter-hangouts/node_modules/eslint-plugin-standard',
91 silly prune   '/Users/benbrown/code/botkit/packages/botbuilder-adapter-slack/node_modules/eslint-plugin-standard',
91 silly prune   '/Users/benbrown/code/botkit/packages/botbuilder-adapter-twilio-sms/node_modules/eslint-plugin-standard',
91 silly prune   '/Users/benbrown/code/botkit/packages/botbuilder-adapter-webex/node_modules/eslint-plugin-standard',
91 silly prune   '/Users/benbrown/code/botkit/packages/botbuilder-adapter-websocket/node_modules/eslint-plugin-standard',
91 silly prune   '/Users/benbrown/code/botkit/packages/botkit/node_modules/eslint-plugin-standard',
91 silly prune   '/Users/benbrown/code/botkit/packages/botbuilder-adapter-facebook/node_modules/botbuilder',
91 silly prune   '/Users/benbrown/code/botkit/packages/botbuilder-adapter-hangouts/node_modules/botbuilder',
91 silly prune   '/Users/benbrown/code/botkit/packages/botbuilder-adapter-twilio-sms/node_modules/botbuilder',
91 silly prune   '/Users/benbrown/code/botkit/packages/botbuilder-adapter-webex/node_modules/botbuilder',
91 silly prune   '/Users/benbrown/code/botkit/packages/botbuilder-adapter-websocket/node_modules/botbuilder',
91 silly prune   '/Users/benbrown/code/botkit/packages/botbuilder-dialogs-botkit-cms/node_modules/botbuilder',
91 silly prune   '/Users/benbrown/code/botkit/packages/botkit/node_modules/botbuilder',
91 silly prune   '/Users/benbrown/code/botkit/packages/botbuilder-adapter-facebook/node_modules/botbuilder-dialogs',
91 silly prune   '/Users/benbrown/code/botkit/packages/botbuilder-adapter-hangouts/node_modules/botbuilder-dialogs',
91 silly prune   '/Users/benbrown/code/botkit/packages/botbuilder-adapter-twilio-sms/node_modules/botbuilder-dialogs',
91 silly prune   '/Users/benbrown/code/botkit/packages/botbuilder-adapter-webex/node_modules/botbuilder-dialogs',
91 silly prune   '/Users/benbrown/code/botkit/packages/botbuilder-dialogs-botkit-cms/node_modules/botbuilder-dialogs',
91 silly prune   '/Users/benbrown/code/botkit/packages/botkit/node_modules/botbuilder-dialogs',
91 silly prune   '/Users/benbrown/code/botkit/packages/testbot/node_modules/botbuilder-dialogs',
91 silly prune   '/Users/benbrown/code/botkit/packages/botbuilder-adapter-facebook/node_modules/botframework-config',
91 silly prune   '/Users/benbrown/code/botkit/packages/botbuilder-adapter-hangouts/node_modules/botframework-config',
91 silly prune   '/Users/benbrown/code/botkit/packages/botbuilder-adapter-twilio-sms/node_modules/botframework-config',
91 silly prune   '/Users/benbrown/code/botkit/packages/botbuilder-adapter-webex/node_modules/botframework-config',
91 silly prune   '/Users/benbrown/code/botkit/packages/botbuilder-adapter-facebook/node_modules/botkit',
91 silly prune   '/Users/benbrown/code/botkit/packages/botbuilder-adapter-hangouts/node_modules/botkit',
91 silly prune   '/Users/benbrown/code/botkit/packages/botbuilder-adapter-slack/node_modules/botkit',
91 silly prune   '/Users/benbrown/code/botkit/packages/botbuilder-adapter-twilio-sms/node_modules/botkit',
91 silly prune   '/Users/benbrown/code/botkit/packages/botbuilder-adapter-webex/node_modules/botkit',
91 silly prune   '/Users/benbrown/code/botkit/packages/botbuilder-adapter-websocket/node_modules/botkit',
91 silly prune   '/Users/benbrown/code/botkit/packages/testbot/node_modules/botkit',
91 silly prune   '/Users/benbrown/code/botkit/packages/botbuilder-adapter-facebook/node_modules/debug',
91 silly prune   '/Users/benbrown/code/botkit/packages/botbuilder-adapter-hangouts/node_modules/debug',
91 silly prune   '/Users/benbrown/code/botkit/packages/botbuilder-adapter-slack/node_modules/debug',
91 silly prune   '/Users/benbrown/code/botkit/packages/botbuilder-adapter-twilio-sms/node_modules/debug',
91 silly prune   '/Users/benbrown/code/botkit/packages/botbuilder-adapter-webex/node_modules/debug',
91 silly prune   '/Users/benbrown/code/botkit/packages/botbuilder-adapter-websocket/node_modules/debug',
91 silly prune   '/Users/benbrown/code/botkit/packages/botkit/node_modules/debug',
91 silly prune   '/Users/benbrown/code/botkit/packages/botbuilder-adapter-facebook/node_modules/dotenv',
91 silly prune   '/Users/benbrown/code/botkit/packages/botbuilder-adapter-slack/node_modules/dotenv',
91 silly prune   '/Users/benbrown/code/botkit/packages/botbuilder-adapter-webex/node_modules/dotenv',
91 silly prune   '/Users/benbrown/code/botkit/packages/botbuilder-adapter-websocket/node_modules/dotenv',
91 silly prune   '/Users/benbrown/code/botkit/packages/botbuilder-adapter-facebook/node_modules/restify',
91 silly prune   '/Users/benbrown/code/botkit/packages/botbuilder-adapter-slack/node_modules/restify',
91 silly prune   '/Users/benbrown/code/botkit/packages/botbuilder-adapter-webex/node_modules/restify',
91 silly prune   '/Users/benbrown/code/botkit/packages/botbuilder-adapter-hangouts/node_modules/googleapis',
91 silly prune   '/Users/benbrown/code/botkit/packages/botbuilder-adapter-slack/node_modules/@slack/client',
91 silly prune   '/Users/benbrown/code/botkit/packages/botbuilder-adapter-twilio-sms/node_modules/twilio',
91 silly prune   '/Users/benbrown/code/botkit/packages/botbuilder-adapter-webex/node_modules/ciscospark',
91 silly prune   '/Users/benbrown/code/botkit/packages/botbuilder-adapter-webex/node_modules/url',
91 silly prune   '/Users/benbrown/code/botkit/packages/botbuilder-adapter-websocket/node_modules/url',
91 silly prune   '/Users/benbrown/code/botkit/packages/botbuilder-adapter-websocket/node_modules/ws',
91 silly prune   '/Users/benbrown/code/botkit/packages/botbuilder-dialogs-botkit-cms/node_modules/botkit-studio-sdk',
91 silly prune   '/Users/benbrown/code/botkit/packages/botbuilder-dialogs-botkit-cms/node_modules/mustache',
91 silly prune   '/Users/benbrown/code/botkit/packages/botkit/node_modules/@types/express',
91 silly prune   '/Users/benbrown/code/botkit/packages/botkit/node_modules/@types/node',
91 silly prune   '/Users/benbrown/code/botkit/packages/botkit/node_modules/body-parser',
91 silly prune   '/Users/benbrown/code/botkit/packages/botkit/node_modules/express',
91 silly prune   '/Users/benbrown/code/botkit/packages/botkit/node_modules/express-basic-auth',
91 silly prune   '/Users/benbrown/code/botkit/packages/testbot/node_modules/express-basic-auth',
91 silly prune   '/Users/benbrown/code/botkit/packages/botkit/node_modules/handlebars',
91 silly prune   '/Users/benbrown/code/botkit/packages/botkit/node_modules/hbs',
91 silly prune   '/Users/benbrown/code/botkit/packages/botkit/node_modules/path',
91 silly prune   '/Users/benbrown/code/botkit/packages/botkit/node_modules/ware',
91 silly prune   '/Users/benbrown/code/botkit/packages/docs/node_modules/typedoc',
91 silly prune   '/Users/benbrown/code/botkit/packages/docs/node_modules/typedoc-plugin-external-module-name',
91 silly prune   '/Users/benbrown/code/botkit/packages/generator-botkit/node_modules/yeoman-generator',
91 silly prune   '/Users/benbrown/code/botkit/packages/testbot/node_modules/botbuilder-ai',
91 silly prune   '/Users/benbrown/code/botkit/packages/testbot/node_modules/botbuilder-storage-mongodb' ]
92 silly npmInstallDependencies botbuilder-adapter-slack [ 'eslint@^5.5.0',
92 silly npmInstallDependencies   'botbuilder@^4.3.0',
92 silly npmInstallDependencies   'botbuilder-dialogs@^4.3.0',
92 silly npmInstallDependencies   'botframework-config@^4.3.0' ]
93 silly npmInstallDependencies backup /Users/benbrown/code/botkit/packages/botbuilder-adapter-slack/package.json
94 silly npmInstallDependencies botkit [ 'eslint@^5.5.0' ]
95 silly npmInstallDependencies backup /Users/benbrown/code/botkit/packages/botkit/package.json
96 silly rimrafDir /Users/benbrown/code/botkit/packages/botbuilder-adapter-facebook/node_modules/eslint-config-standard
97 silly rimrafDir /Users/benbrown/code/botkit/packages/botbuilder-adapter-hangouts/node_modules/eslint-config-standard
98 silly rimrafDir /Users/benbrown/code/botkit/packages/botbuilder-adapter-slack/node_modules/eslint-config-standard
99 silly rimrafDir /Users/benbrown/code/botkit/packages/botbuilder-adapter-twilio-sms/node_modules/eslint-config-standard
100 silly rimrafDir /Users/benbrown/code/botkit/packages/botbuilder-adapter-webex/node_modules/eslint-config-standard
101 silly rimrafDir /Users/benbrown/code/botkit/packages/botbuilder-adapter-websocket/node_modules/eslint-config-standard
102 silly rimrafDir /Users/benbrown/code/botkit/packages/botkit/node_modules/eslint-config-standard
103 silly rimrafDir /Users/benbrown/code/botkit/packages/botbuilder-adapter-facebook/node_modules/eslint-plugin-import
104 silly rimrafDir /Users/benbrown/code/botkit/packages/botbuilder-adapter-hangouts/node_modules/eslint-plugin-import
105 silly rimrafDir /Users/benbrown/code/botkit/packages/botbuilder-adapter-slack/node_modules/eslint-plugin-import
106 silly rimrafDir /Users/benbrown/code/botkit/packages/botbuilder-adapter-twilio-sms/node_modules/eslint-plugin-import
107 silly rimrafDir /Users/benbrown/code/botkit/packages/botbuilder-adapter-webex/node_modules/eslint-plugin-import
108 silly npmInstallDependencies writing tempJson { name: 'root',
108 silly npmInstallDependencies   private: true,
108 silly npmInstallDependencies   devDependencies:
108 silly npmInstallDependencies    { eslint: '^5.15.1',
108 silly npmInstallDependencies      '@typescript-eslint/eslint-plugin': '^1.4.2',
108 silly npmInstallDependencies      '@typescript-eslint/parser': '^1.4.2',
108 silly npmInstallDependencies      lerna: '^3.13.0',
108 silly npmInstallDependencies      typescript: '^3.2.4' },
108 silly npmInstallDependencies   dependencies:
108 silly npmInstallDependencies    { 'eslint-config-standard': '^12.0.0',
108 silly npmInstallDependencies      'eslint-plugin-import': '^2.14.0',
108 silly npmInstallDependencies      'eslint-plugin-node': '^7.0.1',
108 silly npmInstallDependencies      'eslint-plugin-promise': '^4.0.1',
108 silly npmInstallDependencies      'eslint-plugin-standard': '^4.0.0',
108 silly npmInstallDependencies      botbuilder: '^4.2.0',
108 silly npmInstallDependencies      'botbuilder-dialogs': '^4.2.0',
108 silly npmInstallDependencies      'botframework-config': '^4.2.0',
108 silly npmInstallDependencies      botkit: '^4.0.0',
108 silly npmInstallDependencies      debug: '^4.1.0',
108 silly npmInstallDependencies      dotenv: '^6.0.0',
108 silly npmInstallDependencies      restify: '^7.2.1',
108 silly npmInstallDependencies      googleapis: '^34.0.0',
108 silly npmInstallDependencies      '@slack/client': '^4.7.0',
108 silly npmInstallDependencies      twilio: '^3.29.2',
108 silly npmInstallDependencies      ciscospark: '^1.32.23',
108 silly npmInstallDependencies      url: '^0.11.0',
108 silly npmInstallDependencies      ws: '^6.1.3',
108 silly npmInstallDependencies      'botkit-studio-sdk': '^1.0.9',
108 silly npmInstallDependencies      mustache: '^3.0.1',
108 silly npmInstallDependencies      '@types/express': '^4.16.0',
108 silly npmInstallDependencies      '@types/node': '^10.12.18',
108 silly npmInstallDependencies      'body-parser': '^1.18.3',
108 silly npmInstallDependencies      express: '^4.16.4',
108 silly npmInstallDependencies      'express-basic-auth': '^1.1.6',
108 silly npmInstallDependencies      handlebars: '^4.1.1',
108 silly npmInstallDependencies      hbs: '^4.0.1',
108 silly npmInstallDependencies      path: '^0.12.7',
108 silly npmInstallDependencies      ware: '^1.3.0',
108 silly npmInstallDependencies      typedoc: '^0.14.2',
108 silly npmInstallDependencies      'typedoc-plugin-external-module-name': '^2.0.0',
108 silly npmInstallDependencies      'yeoman-generator': '^3.2.0',
108 silly npmInstallDependencies      'botbuilder-ai': '^4.3.2',
108 silly npmInstallDependencies      'botbuilder-storage-mongodb': '^0.9.5' } }
109 silly npmInstallDependencies writing tempJson { name: 'botbuilder-adapter-slack',
109 silly npmInstallDependencies   version: '1.0.0',
109 silly npmInstallDependencies   description: 'Connect Botkit or BotBuilder to Slack',
109 silly npmInstallDependencies   main: './lib/index.js',
109 silly npmInstallDependencies   typings: './lib/index.d.ts',
109 silly npmInstallDependencies   files: [ '/lib', '/src' ],
109 silly npmInstallDependencies   author: 'Microsoft Corp.',
109 silly npmInstallDependencies   license: 'MIT',
109 silly npmInstallDependencies   keywords:
109 silly npmInstallDependencies    [ 'slack',
109 silly npmInstallDependencies      'botkit',
109 silly npmInstallDependencies      'botbuilder',
109 silly npmInstallDependencies      'botframework',
109 silly npmInstallDependencies      'bots',
109 silly npmInstallDependencies      'chatbots',
109 silly npmInstallDependencies      'azure' ],
109 silly npmInstallDependencies   homepage:
109 silly npmInstallDependencies    'https://github.com/howdyai/botkit/blob/packages/botbuilder-adapter-slack#readme',
109 silly npmInstallDependencies   bugs: { url: 'https://github.com/howdyai/botkit/issues' },
109 silly npmInstallDependencies   repository:
109 silly npmInstallDependencies    { type: 'git', url: 'https://github.com/howdyai/botkit.git' },
109 silly npmInstallDependencies   dependencies:
109 silly npmInstallDependencies    { botbuilder: '^4.3.0',
109 silly npmInstallDependencies      'botbuilder-dialogs': '^4.3.0',
109 silly npmInstallDependencies      'botframework-config': '^4.3.0' },
109 silly npmInstallDependencies   devDependencies: { eslint: '^5.5.0' } }
110 verbose prune /Users/benbrown/code/botkit/packages/botbuilder-adapter-facebook/node_modules/eslint-config-standard
111 silly rimrafDir /Users/benbrown/code/botkit/packages/botbuilder-adapter-websocket/node_modules/eslint-plugin-import
112 silly npmInstallDependencies writing tempJson { name: 'botkit',
112 silly npmInstallDependencies   version: '4.0.0-prerelease-1',
112 silly npmInstallDependencies   description: 'building blocks for building bots',
112 silly npmInstallDependencies   main: 'lib/index.js',
112 silly npmInstallDependencies   author: 'benbrown@gmail.com',
112 silly npmInstallDependencies   license: 'MIT',
112 silly npmInstallDependencies   keywords:
112 silly npmInstallDependencies    [ 'slack',
112 silly npmInstallDependencies      'botkit',
112 silly npmInstallDependencies      'botbuilder',
112 silly npmInstallDependencies      'botframework',
112 silly npmInstallDependencies      'bots',
112 silly npmInstallDependencies      'chatbots' ],
112 silly npmInstallDependencies   dependencies: {},
112 silly npmInstallDependencies   devDependencies: { eslint: '^5.5.0' } }
113 verbose prune /Users/benbrown/code/botkit/packages/botbuilder-adapter-hangouts/node_modules/eslint-config-standard
114 silly rimrafDir /Users/benbrown/code/botkit/packages/botkit/node_modules/eslint-plugin-import
115 verbose prune /Users/benbrown/code/botkit/packages/botbuilder-adapter-slack/node_modules/eslint-config-standard
116 silly rimrafDir /Users/benbrown/code/botkit/packages/botbuilder-adapter-facebook/node_modules/eslint-plugin-node
117 verbose prune /Users/benbrown/code/botkit/packages/botbuilder-adapter-twilio-sms/node_modules/eslint-config-standard
118 silly rimrafDir /Users/benbrown/code/botkit/packages/botbuilder-adapter-hangouts/node_modules/eslint-plugin-node
119 verbose prune /Users/benbrown/code/botkit/packages/botbuilder-adapter-websocket/node_modules/eslint-config-standard
120 silly rimrafDir /Users/benbrown/code/botkit/packages/botbuilder-adapter-slack/node_modules/eslint-plugin-node
121 verbose prune /Users/benbrown/code/botkit/packages/botbuilder-adapter-webex/node_modules/eslint-config-standard
122 silly rimrafDir /Users/benbrown/code/botkit/packages/botbuilder-adapter-twilio-sms/node_modules/eslint-plugin-node
123 verbose prune /Users/benbrown/code/botkit/packages/botkit/node_modules/eslint-config-standard
124 silly rimrafDir /Users/benbrown/code/botkit/packages/botbuilder-adapter-webex/node_modules/eslint-plugin-node
125 verbose prune /Users/benbrown/code/botkit/packages/botbuilder-adapter-facebook/node_modules/eslint-plugin-import
126 silly rimrafDir /Users/benbrown/code/botkit/packages/botbuilder-adapter-websocket/node_modules/eslint-plugin-node
127 verbose prune /Users/benbrown/code/botkit/packages/botbuilder-adapter-hangouts/node_modules/eslint-plugin-import
128 silly rimrafDir /Users/benbrown/code/botkit/packages/botkit/node_modules/eslint-plugin-node
129 verbose prune /Users/benbrown/code/botkit/packages/botbuilder-adapter-slack/node_modules/eslint-plugin-import
130 silly rimrafDir /Users/benbrown/code/botkit/packages/botbuilder-adapter-facebook/node_modules/eslint-plugin-promise
131 verbose prune /Users/benbrown/code/botkit/packages/botbuilder-adapter-twilio-sms/node_modules/eslint-plugin-import
132 silly rimrafDir /Users/benbrown/code/botkit/packages/botbuilder-adapter-hangouts/node_modules/eslint-plugin-promise
133 verbose prune /Users/benbrown/code/botkit/packages/botbuilder-adapter-webex/node_modules/eslint-plugin-import
134 silly rimrafDir /Users/benbrown/code/botkit/packages/botbuilder-adapter-slack/node_modules/eslint-plugin-promise
135 verbose prune /Users/benbrown/code/botkit/packages/botbuilder-adapter-websocket/node_modules/eslint-plugin-import
136 silly rimrafDir /Users/benbrown/code/botkit/packages/botbuilder-adapter-twilio-sms/node_modules/eslint-plugin-promise
137 verbose prune /Users/benbrown/code/botkit/packages/botkit/node_modules/eslint-plugin-import
138 silly rimrafDir /Users/benbrown/code/botkit/packages/botbuilder-adapter-webex/node_modules/eslint-plugin-promise
139 verbose prune /Users/benbrown/code/botkit/packages/botbuilder-adapter-facebook/node_modules/eslint-plugin-node
140 silly rimrafDir /Users/benbrown/code/botkit/packages/botbuilder-adapter-websocket/node_modules/eslint-plugin-promise
141 verbose prune /Users/benbrown/code/botkit/packages/botbuilder-adapter-hangouts/node_modules/eslint-plugin-node
142 silly rimrafDir /Users/benbrown/code/botkit/packages/botkit/node_modules/eslint-plugin-promise
143 verbose prune /Users/benbrown/code/botkit/packages/botbuilder-adapter-slack/node_modules/eslint-plugin-node
144 silly rimrafDir /Users/benbrown/code/botkit/packages/botbuilder-adapter-facebook/node_modules/eslint-plugin-standard
145 verbose prune /Users/benbrown/code/botkit/packages/botbuilder-adapter-twilio-sms/node_modules/eslint-plugin-node
146 silly rimrafDir /Users/benbrown/code/botkit/packages/botbuilder-adapter-hangouts/node_modules/eslint-plugin-standard
147 verbose prune /Users/benbrown/code/botkit/packages/botbuilder-adapter-webex/node_modules/eslint-plugin-node
148 silly rimrafDir /Users/benbrown/code/botkit/packages/botbuilder-adapter-slack/node_modules/eslint-plugin-standard
149 verbose prune /Users/benbrown/code/botkit/packages/botbuilder-adapter-websocket/node_modules/eslint-plugin-node
150 silly rimrafDir /Users/benbrown/code/botkit/packages/botbuilder-adapter-twilio-sms/node_modules/eslint-plugin-standard
151 verbose prune /Users/benbrown/code/botkit/packages/botkit/node_modules/eslint-plugin-node
152 silly rimrafDir /Users/benbrown/code/botkit/packages/botbuilder-adapter-webex/node_modules/eslint-plugin-standard
153 verbose prune /Users/benbrown/code/botkit/packages/botbuilder-adapter-facebook/node_modules/eslint-plugin-promise
154 silly rimrafDir /Users/benbrown/code/botkit/packages/botbuilder-adapter-websocket/node_modules/eslint-plugin-standard
155 verbose prune /Users/benbrown/code/botkit/packages/botbuilder-adapter-hangouts/node_modules/eslint-plugin-promise
156 silly rimrafDir /Users/benbrown/code/botkit/packages/botkit/node_modules/eslint-plugin-standard
157 verbose prune /Users/benbrown/code/botkit/packages/botbuilder-adapter-slack/node_modules/eslint-plugin-promise
158 silly rimrafDir /Users/benbrown/code/botkit/packages/botbuilder-adapter-facebook/node_modules/botbuilder
159 verbose prune /Users/benbrown/code/botkit/packages/botbuilder-adapter-twilio-sms/node_modules/eslint-plugin-promise
160 silly rimrafDir /Users/benbrown/code/botkit/packages/botbuilder-adapter-hangouts/node_modules/botbuilder
161 verbose prune /Users/benbrown/code/botkit/packages/botbuilder-adapter-webex/node_modules/eslint-plugin-promise
162 silly rimrafDir /Users/benbrown/code/botkit/packages/botbuilder-adapter-twilio-sms/node_modules/botbuilder
163 verbose prune /Users/benbrown/code/botkit/packages/botbuilder-adapter-websocket/node_modules/eslint-plugin-promise
164 silly rimrafDir /Users/benbrown/code/botkit/packages/botbuilder-adapter-webex/node_modules/botbuilder
165 verbose prune /Users/benbrown/code/botkit/packages/botkit/node_modules/eslint-plugin-promise
166 silly rimrafDir /Users/benbrown/code/botkit/packages/botbuilder-adapter-websocket/node_modules/botbuilder
167 verbose prune /Users/benbrown/code/botkit/packages/botbuilder-adapter-facebook/node_modules/eslint-plugin-standard
168 silly rimrafDir /Users/benbrown/code/botkit/packages/botbuilder-dialogs-botkit-cms/node_modules/botbuilder
169 verbose prune /Users/benbrown/code/botkit/packages/botbuilder-adapter-hangouts/node_modules/eslint-plugin-standard
170 silly rimrafDir /Users/benbrown/code/botkit/packages/botkit/node_modules/botbuilder
171 verbose prune /Users/benbrown/code/botkit/packages/botbuilder-adapter-slack/node_modules/eslint-plugin-standard
172 silly rimrafDir /Users/benbrown/code/botkit/packages/botbuilder-adapter-facebook/node_modules/botbuilder-dialogs
173 verbose prune /Users/benbrown/code/botkit/packages/botbuilder-adapter-twilio-sms/node_modules/eslint-plugin-standard
174 silly rimrafDir /Users/benbrown/code/botkit/packages/botbuilder-adapter-hangouts/node_modules/botbuilder-dialogs
175 verbose prune /Users/benbrown/code/botkit/packages/botbuilder-adapter-webex/node_modules/eslint-plugin-standard
176 silly rimrafDir /Users/benbrown/code/botkit/packages/botbuilder-adapter-twilio-sms/node_modules/botbuilder-dialogs
177 verbose prune /Users/benbrown/code/botkit/packages/botbuilder-adapter-websocket/node_modules/eslint-plugin-standard
178 silly rimrafDir /Users/benbrown/code/botkit/packages/botbuilder-adapter-webex/node_modules/botbuilder-dialogs
179 verbose prune /Users/benbrown/code/botkit/packages/botkit/node_modules/eslint-plugin-standard
180 silly rimrafDir /Users/benbrown/code/botkit/packages/botbuilder-dialogs-botkit-cms/node_modules/botbuilder-dialogs
181 verbose prune /Users/benbrown/code/botkit/packages/botbuilder-adapter-facebook/node_modules/botbuilder
182 silly rimrafDir /Users/benbrown/code/botkit/packages/botkit/node_modules/botbuilder-dialogs
183 verbose prune /Users/benbrown/code/botkit/packages/botbuilder-adapter-hangouts/node_modules/botbuilder
184 silly rimrafDir /Users/benbrown/code/botkit/packages/testbot/node_modules/botbuilder-dialogs
185 verbose prune /Users/benbrown/code/botkit/packages/botbuilder-adapter-twilio-sms/node_modules/botbuilder
186 silly rimrafDir /Users/benbrown/code/botkit/packages/botbuilder-adapter-facebook/node_modules/botframework-config
187 verbose prune /Users/benbrown/code/botkit/packages/botbuilder-adapter-webex/node_modules/botbuilder
188 silly rimrafDir /Users/benbrown/code/botkit/packages/botbuilder-adapter-hangouts/node_modules/botframework-config
189 verbose prune /Users/benbrown/code/botkit/packages/botbuilder-adapter-websocket/node_modules/botbuilder
190 silly rimrafDir /Users/benbrown/code/botkit/packages/botbuilder-adapter-twilio-sms/node_modules/botframework-config
191 verbose prune /Users/benbrown/code/botkit/packages/botbuilder-dialogs-botkit-cms/node_modules/botbuilder
192 silly rimrafDir /Users/benbrown/code/botkit/packages/botbuilder-adapter-webex/node_modules/botframework-config
193 verbose prune /Users/benbrown/code/botkit/packages/botkit/node_modules/botbuilder
194 silly rimrafDir /Users/benbrown/code/botkit/packages/botbuilder-adapter-facebook/node_modules/botkit
195 verbose prune /Users/benbrown/code/botkit/packages/botbuilder-adapter-facebook/node_modules/botbuilder-dialogs
196 silly rimrafDir /Users/benbrown/code/botkit/packages/botbuilder-adapter-hangouts/node_modules/botkit
197 verbose prune /Users/benbrown/code/botkit/packages/botbuilder-adapter-hangouts/node_modules/botbuilder-dialogs
198 silly rimrafDir /Users/benbrown/code/botkit/packages/botbuilder-adapter-slack/node_modules/botkit
199 verbose prune /Users/benbrown/code/botkit/packages/botbuilder-adapter-twilio-sms/node_modules/botbuilder-dialogs
200 silly rimrafDir /Users/benbrown/code/botkit/packages/botbuilder-adapter-twilio-sms/node_modules/botkit
201 verbose prune /Users/benbrown/code/botkit/packages/botbuilder-adapter-webex/node_modules/botbuilder-dialogs
202 silly rimrafDir /Users/benbrown/code/botkit/packages/botbuilder-adapter-webex/node_modules/botkit
203 verbose prune /Users/benbrown/code/botkit/packages/botbuilder-dialogs-botkit-cms/node_modules/botbuilder-dialogs
204 silly rimrafDir /Users/benbrown/code/botkit/packages/botbuilder-adapter-websocket/node_modules/botkit
205 verbose prune /Users/benbrown/code/botkit/packages/botkit/node_modules/botbuilder-dialogs
206 silly rimrafDir /Users/benbrown/code/botkit/packages/testbot/node_modules/botkit
207 verbose prune /Users/benbrown/code/botkit/packages/testbot/node_modules/botbuilder-dialogs
208 silly rimrafDir /Users/benbrown/code/botkit/packages/botbuilder-adapter-facebook/node_modules/debug
209 verbose prune /Users/benbrown/code/botkit/packages/botbuilder-adapter-facebook/node_modules/botframework-config
210 silly rimrafDir /Users/benbrown/code/botkit/packages/botbuilder-adapter-hangouts/node_modules/debug
211 verbose prune /Users/benbrown/code/botkit/packages/botbuilder-adapter-hangouts/node_modules/botframework-config
212 silly rimrafDir /Users/benbrown/code/botkit/packages/botbuilder-adapter-slack/node_modules/debug
213 verbose prune /Users/benbrown/code/botkit/packages/botbuilder-adapter-twilio-sms/node_modules/botframework-config
214 silly rimrafDir /Users/benbrown/code/botkit/packages/botbuilder-adapter-twilio-sms/node_modules/debug
215 verbose prune /Users/benbrown/code/botkit/packages/botbuilder-adapter-webex/node_modules/botframework-config
216 silly rimrafDir /Users/benbrown/code/botkit/packages/botbuilder-adapter-webex/node_modules/debug
217 verbose prune /Users/benbrown/code/botkit/packages/botbuilder-adapter-facebook/node_modules/botkit
218 silly rimrafDir /Users/benbrown/code/botkit/packages/botbuilder-adapter-websocket/node_modules/debug
219 verbose prune /Users/benbrown/code/botkit/packages/botbuilder-adapter-slack/node_modules/botkit
220 silly rimrafDir /Users/benbrown/code/botkit/packages/botkit/node_modules/debug
221 verbose prune /Users/benbrown/code/botkit/packages/botbuilder-adapter-facebook/node_modules/debug
222 silly rimrafDir /Users/benbrown/code/botkit/packages/botbuilder-adapter-facebook/node_modules/dotenv
223 verbose prune /Users/benbrown/code/botkit/packages/botbuilder-adapter-hangouts/node_modules/debug
224 silly rimrafDir /Users/benbrown/code/botkit/packages/botbuilder-adapter-slack/node_modules/dotenv
225 verbose prune /Users/benbrown/code/botkit/packages/botbuilder-adapter-slack/node_modules/debug
226 silly rimrafDir /Users/benbrown/code/botkit/packages/botbuilder-adapter-webex/node_modules/dotenv
227 verbose prune /Users/benbrown/code/botkit/packages/botbuilder-adapter-twilio-sms/node_modules/debug
228 silly rimrafDir /Users/benbrown/code/botkit/packages/botbuilder-adapter-websocket/node_modules/dotenv
229 verbose prune /Users/benbrown/code/botkit/packages/botbuilder-adapter-webex/node_modules/debug
230 silly rimrafDir /Users/benbrown/code/botkit/packages/botbuilder-adapter-facebook/node_modules/restify
231 verbose prune /Users/benbrown/code/botkit/packages/botbuilder-adapter-websocket/node_modules/debug
232 silly rimrafDir /Users/benbrown/code/botkit/packages/botbuilder-adapter-slack/node_modules/restify
233 verbose prune /Users/benbrown/code/botkit/packages/botkit/node_modules/debug
234 silly rimrafDir /Users/benbrown/code/botkit/packages/botbuilder-adapter-webex/node_modules/restify
235 verbose prune /Users/benbrown/code/botkit/packages/botbuilder-adapter-facebook/node_modules/dotenv
236 silly rimrafDir /Users/benbrown/code/botkit/packages/botbuilder-adapter-hangouts/node_modules/googleapis
237 verbose prune /Users/benbrown/code/botkit/packages/botbuilder-adapter-slack/node_modules/dotenv
238 silly rimrafDir /Users/benbrown/code/botkit/packages/botbuilder-adapter-slack/node_modules/@slack/client
239 verbose prune /Users/benbrown/code/botkit/packages/botbuilder-adapter-webex/node_modules/dotenv
240 silly rimrafDir /Users/benbrown/code/botkit/packages/botbuilder-adapter-twilio-sms/node_modules/twilio
241 verbose prune /Users/benbrown/code/botkit/packages/botbuilder-adapter-websocket/node_modules/dotenv
242 silly rimrafDir /Users/benbrown/code/botkit/packages/botbuilder-adapter-webex/node_modules/ciscospark
243 verbose prune /Users/benbrown/code/botkit/packages/botbuilder-adapter-facebook/node_modules/restify
244 silly rimrafDir /Users/benbrown/code/botkit/packages/botbuilder-adapter-webex/node_modules/url
245 verbose prune /Users/benbrown/code/botkit/packages/botbuilder-adapter-slack/node_modules/restify
246 silly rimrafDir /Users/benbrown/code/botkit/packages/botbuilder-adapter-websocket/node_modules/url
247 verbose prune /Users/benbrown/code/botkit/packages/botbuilder-adapter-webex/node_modules/restify
248 silly rimrafDir /Users/benbrown/code/botkit/packages/botbuilder-adapter-websocket/node_modules/ws
249 verbose prune /Users/benbrown/code/botkit/packages/botbuilder-adapter-hangouts/node_modules/googleapis
250 silly rimrafDir /Users/benbrown/code/botkit/packages/botbuilder-dialogs-botkit-cms/node_modules/botkit-studio-sdk
251 verbose prune /Users/benbrown/code/botkit/packages/botbuilder-adapter-slack/node_modules/@slack/client
252 silly rimrafDir /Users/benbrown/code/botkit/packages/botbuilder-dialogs-botkit-cms/node_modules/mustache
253 verbose prune /Users/benbrown/code/botkit/packages/botbuilder-adapter-twilio-sms/node_modules/twilio
254 silly rimrafDir /Users/benbrown/code/botkit/packages/botkit/node_modules/@types/express
255 verbose prune /Users/benbrown/code/botkit/packages/botbuilder-adapter-webex/node_modules/ciscospark
256 silly rimrafDir /Users/benbrown/code/botkit/packages/botkit/node_modules/@types/node
257 verbose prune /Users/benbrown/code/botkit/packages/botbuilder-adapter-webex/node_modules/url
258 silly rimrafDir /Users/benbrown/code/botkit/packages/botkit/node_modules/body-parser
259 verbose prune /Users/benbrown/code/botkit/packages/botbuilder-adapter-websocket/node_modules/url
260 silly rimrafDir /Users/benbrown/code/botkit/packages/botkit/node_modules/express
261 verbose prune /Users/benbrown/code/botkit/packages/botbuilder-adapter-websocket/node_modules/ws
262 silly rimrafDir /Users/benbrown/code/botkit/packages/botkit/node_modules/express-basic-auth
263 verbose prune /Users/benbrown/code/botkit/packages/botbuilder-dialogs-botkit-cms/node_modules/botkit-studio-sdk
264 silly rimrafDir /Users/benbrown/code/botkit/packages/testbot/node_modules/express-basic-auth
265 verbose prune /Users/benbrown/code/botkit/packages/botbuilder-dialogs-botkit-cms/node_modules/mustache
266 silly rimrafDir /Users/benbrown/code/botkit/packages/botkit/node_modules/handlebars
267 verbose prune /Users/benbrown/code/botkit/packages/botkit/node_modules/@types/express
268 silly rimrafDir /Users/benbrown/code/botkit/packages/botkit/node_modules/hbs
269 verbose prune /Users/benbrown/code/botkit/packages/botkit/node_modules/@types/node
270 silly rimrafDir /Users/benbrown/code/botkit/packages/botkit/node_modules/path
271 verbose prune /Users/benbrown/code/botkit/packages/botkit/node_modules/body-parser
272 silly rimrafDir /Users/benbrown/code/botkit/packages/botkit/node_modules/ware
273 verbose prune /Users/benbrown/code/botkit/packages/botkit/node_modules/express
274 silly rimrafDir /Users/benbrown/code/botkit/packages/docs/node_modules/typedoc
275 verbose prune /Users/benbrown/code/botkit/packages/botkit/node_modules/express-basic-auth
276 silly rimrafDir /Users/benbrown/code/botkit/packages/docs/node_modules/typedoc-plugin-external-module-name
277 verbose prune /Users/benbrown/code/botkit/packages/testbot/node_modules/express-basic-auth
278 silly rimrafDir /Users/benbrown/code/botkit/packages/generator-botkit/node_modules/yeoman-generator
279 verbose prune /Users/benbrown/code/botkit/packages/botkit/node_modules/handlebars
280 silly rimrafDir /Users/benbrown/code/botkit/packages/testbot/node_modules/botbuilder-ai
281 verbose prune /Users/benbrown/code/botkit/packages/botkit/node_modules/hbs
282 silly rimrafDir /Users/benbrown/code/botkit/packages/testbot/node_modules/botbuilder-storage-mongodb
283 verbose prune /Users/benbrown/code/botkit/packages/botkit/node_modules/path
284 verbose prune /Users/benbrown/code/botkit/packages/botkit/node_modules/ware
285 verbose prune /Users/benbrown/code/botkit/packages/docs/node_modules/typedoc
286 verbose prune /Users/benbrown/code/botkit/packages/docs/node_modules/typedoc-plugin-external-module-name
287 verbose prune /Users/benbrown/code/botkit/packages/generator-botkit/node_modules/yeoman-generator
288 verbose prune /Users/benbrown/code/botkit/packages/testbot/node_modules/botbuilder-ai
289 verbose prune /Users/benbrown/code/botkit/packages/testbot/node_modules/botbuilder-storage-mongodb
290 silly getExecOpts /Users/benbrown/code/botkit undefined
291 silly npmInstall [ 'npm', [ 'install' ] ]
292 silly getExecOpts /Users/benbrown/code/botkit/packages/botbuilder-adapter-slack undefined
293 silly npmInstall [ 'npm', [ 'install', '--global-style' ] ]
294 silly getExecOpts /Users/benbrown/code/botkit/packages/botkit undefined
295 silly npmInstall [ 'npm', [ 'install', '--global-style' ] ]
296 verbose rimrafDir removed /Users/benbrown/code/botkit/packages/botbuilder-adapter-hangouts/node_modules/botkit
297 verbose prune /Users/benbrown/code/botkit/packages/botbuilder-adapter-hangouts/node_modules/botkit
298 verbose rimrafDir removed /Users/benbrown/code/botkit/packages/botbuilder-adapter-webex/node_modules/botkit
299 verbose prune /Users/benbrown/code/botkit/packages/botbuilder-adapter-webex/node_modules/botkit
300 verbose rimrafDir removed /Users/benbrown/code/botkit/packages/botbuilder-adapter-websocket/node_modules/botkit
301 verbose prune /Users/benbrown/code/botkit/packages/botbuilder-adapter-websocket/node_modules/botkit
302 verbose rimrafDir removed /Users/benbrown/code/botkit/packages/testbot/node_modules/botkit
303 verbose prune /Users/benbrown/code/botkit/packages/testbot/node_modules/botkit
304 verbose rimrafDir removed /Users/benbrown/code/botkit/packages/botbuilder-adapter-twilio-sms/node_modules/botkit
305 verbose prune /Users/benbrown/code/botkit/packages/botbuilder-adapter-twilio-sms/node_modules/botkit
306 info hoist Finished pruning hoisted dependencies
307 silly npmInstallDependencies cleanup /Users/benbrown/code/botkit/packages/botkit/package.json
308 error Error: ENOENT: no such file or directory, rename '/Users/benbrown/code/botkit/packages/botkit/package.json.lerna_backup' -> '/Users/benbrown/code/botkit/packages/botkit/package.json'
308 error     at Object.renameSync (fs.js:591:3)
308 error     at cleanup (/Users/benbrown/code/botkit/node_modules/@lerna/npm-install/npm-install.js:70:10)
308 error     at done (/Users/benbrown/code/botkit/node_modules/@lerna/npm-install/npm-install.js:78:7)
